{"C:\\Data Ega\\Bootcamp Hacktiv8\\Phase 2\\Individual Project\\IP-RMT52\\server\\app.js": {"path":"C:\\Data Ega\\Bootcamp Hacktiv8\\Phase 2\\Individual Project\\IP-RMT52\\server\\app.js","statementMap":{"0":{"start":{"line":1,"column":0},"end":{"line":1,"column":27}},"1":{"start":{"line":2,"column":16},"end":{"line":2,"column":34}},"2":{"start":{"line":3,"column":25},"end":{"line":3,"column":62}},"3":{"start":{"line":4,"column":13},"end":{"line":4,"column":28}},"4":{"start":{"line":5,"column":12},"end":{"line":5,"column":21}},"5":{"start":{"line":7,"column":0},"end":{"line":7,"column":16}},"6":{"start":{"line":8,"column":0},"end":{"line":8,"column":49}},"7":{"start":{"line":9,"column":0},"end":{"line":9,"column":24}},"8":{"start":{"line":10,"column":0},"end":{"line":10,"column":29}},"9":{"start":{"line":11,"column":0},"end":{"line":11,"column":22}},"10":{"start":{"line":13,"column":0},"end":{"line":13,"column":21}}},"fnMap":{},"branchMap":{},"s":{"0":1,"1":1,"2":1,"3":1,"4":1,"5":1,"6":1,"7":1,"8":1,"9":1,"10":1},"f":{},"b":{},"_coverageSchema":"1a1c01bbd47fc00a2c39e90264f33305004495a9","hash":"80ff0a0bc88c762f4fbb873c03b8d4fff077d54f"}
,"C:\\Data Ega\\Bootcamp Hacktiv8\\Phase 2\\Individual Project\\IP-RMT52\\server\\controllers\\CharacterController.js": {"path":"C:\\Data Ega\\Bootcamp Hacktiv8\\Phase 2\\Individual Project\\IP-RMT52\\server\\controllers\\CharacterController.js","statementMap":{"0":{"start":{"line":1,"column":14},"end":{"line":1,"column":30}},"1":{"start":{"line":2,"column":24},"end":{"line":2,"column":44}},"2":{"start":{"line":3,"column":20},"end":{"line":3,"column":52}},"3":{"start":{"line":4,"column":18},"end":{"line":4,"column":38}},"4":{"start":{"line":5,"column":19},"end":{"line":5,"column":43}},"5":{"start":{"line":7,"column":0},"end":{"line":11,"column":3}},"6":{"start":{"line":12,"column":0},"end":{"line":243,"column":2}},"7":{"start":{"line":14,"column":4},"end":{"line":70,"column":5}},"8":{"start":{"line":15,"column":45},"end":{"line":15,"column":54}},"9":{"start":{"line":16,"column":21},"end":{"line":16,"column":58}},"10":{"start":{"line":17,"column":23},"end":{"line":17,"column":46}},"11":{"start":{"line":18,"column":23},"end":{"line":18,"column":41}},"12":{"start":{"line":21,"column":6},"end":{"line":25,"column":7}},"13":{"start":{"line":22,"column":8},"end":{"line":24,"column":10}},"14":{"start":{"line":23,"column":10},"end":{"line":23,"column":64}},"15":{"start":{"line":27,"column":30},"end":{"line":27,"column":47}},"16":{"start":{"line":28,"column":25},"end":{"line":28,"column":62}},"17":{"start":{"line":30,"column":34},"end":{"line":33,"column":7}},"18":{"start":{"line":35,"column":21},"end":{"line":58,"column":8}},"19":{"start":{"line":36,"column":8},"end":{"line":57,"column":10}},"20":{"start":{"line":60,"column":6},"end":{"line":66,"column":9}},"21":{"start":{"line":68,"column":26},"end":{"line":68,"column":130}},"22":{"start":{"line":69,"column":6},"end":{"line":69,"column":16}},"23":{"start":{"line":74,"column":19},"end":{"line":74,"column":29}},"24":{"start":{"line":75,"column":4},"end":{"line":107,"column":5}},"25":{"start":{"line":76,"column":21},"end":{"line":76,"column":64}},"26":{"start":{"line":77,"column":23},"end":{"line":77,"column":46}},"27":{"start":{"line":78,"column":24},"end":{"line":78,"column":42}},"28":{"start":{"line":80,"column":21},"end":{"line":101,"column":7}},"29":{"start":{"line":103,"column":6},"end":{"line":103,"column":35}},"30":{"start":{"line":105,"column":26},"end":{"line":105,"column":138}},"31":{"start":{"line":106,"column":6},"end":{"line":106,"column":16}},"32":{"start":{"line":111,"column":4},"end":{"line":125,"column":5}},"33":{"start":{"line":112,"column":23},"end":{"line":114,"column":7}},"34":{"start":{"line":115,"column":24},"end":{"line":115,"column":42}},"35":{"start":{"line":116,"column":26},"end":{"line":120,"column":8}},"36":{"start":{"line":121,"column":6},"end":{"line":121,"column":40}},"37":{"start":{"line":123,"column":26},"end":{"line":123,"column":133}},"38":{"start":{"line":124,"column":6},"end":{"line":124,"column":16}},"39":{"start":{"line":129,"column":4},"end":{"line":173,"column":5}},"40":{"start":{"line":130,"column":27},"end":{"line":134,"column":8}},"41":{"start":{"line":136,"column":33},"end":{"line":136,"column":35}},"42":{"start":{"line":138,"column":6},"end":{"line":167,"column":7}},"43":{"start":{"line":139,"column":23},"end":{"line":139,"column":87}},"44":{"start":{"line":140,"column":25},"end":{"line":140,"column":48}},"45":{"start":{"line":141,"column":26},"end":{"line":141,"column":44}},"46":{"start":{"line":143,"column":23},"end":{"line":164,"column":9}},"47":{"start":{"line":166,"column":8},"end":{"line":166,"column":40}},"48":{"start":{"line":169,"column":6},"end":{"line":169,"column":47}},"49":{"start":{"line":171,"column":26},"end":{"line":171,"column":133}},"50":{"start":{"line":172,"column":6},"end":{"line":172,"column":16}},"51":{"start":{"line":177,"column":4},"end":{"line":216,"column":5}},"52":{"start":{"line":178,"column":17},"end":{"line":178,"column":30}},"53":{"start":{"line":179,"column":21},"end":{"line":179,"column":32}},"54":{"start":{"line":181,"column":26},"end":{"line":183,"column":8}},"55":{"start":{"line":185,"column":6},"end":{"line":190,"column":7}},"56":{"start":{"line":186,"column":8},"end":{"line":189,"column":10}},"57":{"start":{"line":192,"column":6},"end":{"line":197,"column":7}},"58":{"start":{"line":193,"column":8},"end":{"line":196,"column":10}},"59":{"start":{"line":199,"column":23},"end":{"line":199,"column":40}},"60":{"start":{"line":200,"column":26},"end":{"line":200,"column":60}},"61":{"start":{"line":202,"column":21},"end":{"line":208,"column":7}},"62":{"start":{"line":210,"column":6},"end":{"line":210,"column":64}},"63":{"start":{"line":212,"column":6},"end":{"line":212,"column":64}},"64":{"start":{"line":214,"column":26},"end":{"line":214,"column":136}},"65":{"start":{"line":215,"column":6},"end":{"line":215,"column":16}},"66":{"start":{"line":220,"column":4},"end":{"line":241,"column":5}},"67":{"start":{"line":221,"column":21},"end":{"line":221,"column":31}},"68":{"start":{"line":222,"column":21},"end":{"line":222,"column":32}},"69":{"start":{"line":224,"column":26},"end":{"line":226,"column":8}},"70":{"start":{"line":228,"column":6},"end":{"line":232,"column":7}},"71":{"start":{"line":229,"column":8},"end":{"line":231,"column":69}},"72":{"start":{"line":234,"column":6},"end":{"line":234,"column":34}},"73":{"start":{"line":235,"column":6},"end":{"line":237,"column":9}},"74":{"start":{"line":239,"column":26},"end":{"line":239,"column":136}},"75":{"start":{"line":240,"column":6},"end":{"line":240,"column":16}},"76":{"start":{"line":250,"column":85},"end":{"line":250,"column":39988}},"77":{"start":{"line":250,"column":89},"end":{"line":250,"column":39977}}},"fnMap":{"0":{"name":"(anonymous_0)","decl":{"start":{"line":13,"column":2},"end":{"line":13,"column":3}},"loc":{"start":{"line":13,"column":45},"end":{"line":71,"column":3}},"line":13},"1":{"name":"(anonymous_1)","decl":{"start":{"line":22,"column":39},"end":{"line":22,"column":40}},"loc":{"start":{"line":23,"column":10},"end":{"line":23,"column":64}},"line":23},"2":{"name":"(anonymous_2)","decl":{"start":{"line":35,"column":45},"end":{"line":35,"column":46}},"loc":{"start":{"line":35,"column":60},"end":{"line":58,"column":7}},"line":35},"3":{"name":"(anonymous_3)","decl":{"start":{"line":73,"column":2},"end":{"line":73,"column":3}},"loc":{"start":{"line":73,"column":51},"end":{"line":108,"column":3}},"line":73},"4":{"name":"(anonymous_4)","decl":{"start":{"line":110,"column":2},"end":{"line":110,"column":3}},"loc":{"start":{"line":110,"column":46},"end":{"line":126,"column":3}},"line":110},"5":{"name":"(anonymous_5)","decl":{"start":{"line":128,"column":2},"end":{"line":128,"column":3}},"loc":{"start":{"line":128,"column":46},"end":{"line":174,"column":3}},"line":128},"6":{"name":"(anonymous_6)","decl":{"start":{"line":176,"column":2},"end":{"line":176,"column":3}},"loc":{"start":{"line":176,"column":49},"end":{"line":217,"column":3}},"line":176},"7":{"name":"(anonymous_7)","decl":{"start":{"line":219,"column":2},"end":{"line":219,"column":3}},"loc":{"start":{"line":219,"column":49},"end":{"line":242,"column":3}},"line":219},"8":{"name":"oo_cm","decl":{"start":{"line":250,"column":77},"end":{"line":250,"column":82}},"loc":{"start":{"line":250,"column":84},"end":{"line":250,"column":39989}},"line":250}},"branchMap":{"0":{"loc":{"start":{"line":15,"column":14},"end":{"line":15,"column":22}},"type":"default-arg","locations":[{"start":{"line":15,"column":21},"end":{"line":15,"column":22}}],"line":15},"1":{"loc":{"start":{"line":15,"column":24},"end":{"line":15,"column":37}},"type":"default-arg","locations":[{"start":{"line":15,"column":35},"end":{"line":15,"column":37}}],"line":15},"2":{"loc":{"start":{"line":21,"column":6},"end":{"line":25,"column":7}},"type":"if","locations":[{"start":{"line":21,"column":6},"end":{"line":25,"column":7}},{"start":{},"end":{}}],"line":21},"3":{"loc":{"start":{"line":38,"column":17},"end":{"line":38,"column":68}},"type":"cond-expr","locations":[{"start":{"line":38,"column":46},"end":{"line":38,"column":61}},{"start":{"line":38,"column":64},"end":{"line":38,"column":68}}],"line":38},"4":{"loc":{"start":{"line":40,"column":12},"end":{"line":40,"column":73}},"type":"cond-expr","locations":[{"start":{"line":40,"column":46},"end":{"line":40,"column":66}},{"start":{"line":40,"column":69},"end":{"line":40,"column":73}}],"line":40},"5":{"loc":{"start":{"line":41,"column":19},"end":{"line":41,"column":74}},"type":"cond-expr","locations":[{"start":{"line":41,"column":50},"end":{"line":41,"column":67}},{"start":{"line":41,"column":70},"end":{"line":41,"column":74}}],"line":41},"6":{"loc":{"start":{"line":43,"column":12},"end":{"line":43,"column":73}},"type":"cond-expr","locations":[{"start":{"line":43,"column":46},"end":{"line":43,"column":66}},{"start":{"line":43,"column":69},"end":{"line":43,"column":73}}],"line":43},"7":{"loc":{"start":{"line":45,"column":12},"end":{"line":47,"column":20}},"type":"cond-expr","locations":[{"start":{"line":46,"column":16},"end":{"line":46,"column":41}},{"start":{"line":47,"column":16},"end":{"line":47,"column":20}}],"line":45},"8":{"loc":{"start":{"line":48,"column":18},"end":{"line":48,"column":71}},"type":"cond-expr","locations":[{"start":{"line":48,"column":48},"end":{"line":48,"column":64}},{"start":{"line":48,"column":67},"end":{"line":48,"column":71}}],"line":48},"9":{"loc":{"start":{"line":49,"column":19},"end":{"line":49,"column":74}},"type":"cond-expr","locations":[{"start":{"line":49,"column":50},"end":{"line":49,"column":67}},{"start":{"line":49,"column":70},"end":{"line":49,"column":74}}],"line":49},"10":{"loc":{"start":{"line":82,"column":15},"end":{"line":82,"column":66}},"type":"cond-expr","locations":[{"start":{"line":82,"column":44},"end":{"line":82,"column":59}},{"start":{"line":82,"column":62},"end":{"line":82,"column":66}}],"line":82},"11":{"loc":{"start":{"line":84,"column":10},"end":{"line":84,"column":71}},"type":"cond-expr","locations":[{"start":{"line":84,"column":44},"end":{"line":84,"column":64}},{"start":{"line":84,"column":67},"end":{"line":84,"column":71}}],"line":84},"12":{"loc":{"start":{"line":85,"column":17},"end":{"line":85,"column":72}},"type":"cond-expr","locations":[{"start":{"line":85,"column":48},"end":{"line":85,"column":65}},{"start":{"line":85,"column":68},"end":{"line":85,"column":72}}],"line":85},"13":{"loc":{"start":{"line":87,"column":10},"end":{"line":87,"column":71}},"type":"cond-expr","locations":[{"start":{"line":87,"column":44},"end":{"line":87,"column":64}},{"start":{"line":87,"column":67},"end":{"line":87,"column":71}}],"line":87},"14":{"loc":{"start":{"line":89,"column":10},"end":{"line":91,"column":18}},"type":"cond-expr","locations":[{"start":{"line":90,"column":14},"end":{"line":90,"column":39}},{"start":{"line":91,"column":14},"end":{"line":91,"column":18}}],"line":89},"15":{"loc":{"start":{"line":92,"column":16},"end":{"line":92,"column":69}},"type":"cond-expr","locations":[{"start":{"line":92,"column":46},"end":{"line":92,"column":62}},{"start":{"line":92,"column":65},"end":{"line":92,"column":69}}],"line":92},"16":{"loc":{"start":{"line":93,"column":17},"end":{"line":93,"column":72}},"type":"cond-expr","locations":[{"start":{"line":93,"column":48},"end":{"line":93,"column":65}},{"start":{"line":93,"column":68},"end":{"line":93,"column":72}}],"line":93},"17":{"loc":{"start":{"line":119,"column":18},"end":{"line":119,"column":44}},"type":"binary-expr","locations":[{"start":{"line":119,"column":18},"end":{"line":119,"column":36}},{"start":{"line":119,"column":40},"end":{"line":119,"column":44}}],"line":119},"18":{"loc":{"start":{"line":145,"column":17},"end":{"line":145,"column":68}},"type":"cond-expr","locations":[{"start":{"line":145,"column":46},"end":{"line":145,"column":61}},{"start":{"line":145,"column":64},"end":{"line":145,"column":68}}],"line":145},"19":{"loc":{"start":{"line":147,"column":12},"end":{"line":147,"column":73}},"type":"cond-expr","locations":[{"start":{"line":147,"column":46},"end":{"line":147,"column":66}},{"start":{"line":147,"column":69},"end":{"line":147,"column":73}}],"line":147},"20":{"loc":{"start":{"line":148,"column":19},"end":{"line":148,"column":74}},"type":"cond-expr","locations":[{"start":{"line":148,"column":50},"end":{"line":148,"column":67}},{"start":{"line":148,"column":70},"end":{"line":148,"column":74}}],"line":148},"21":{"loc":{"start":{"line":150,"column":12},"end":{"line":150,"column":73}},"type":"cond-expr","locations":[{"start":{"line":150,"column":46},"end":{"line":150,"column":66}},{"start":{"line":150,"column":69},"end":{"line":150,"column":73}}],"line":150},"22":{"loc":{"start":{"line":152,"column":12},"end":{"line":154,"column":20}},"type":"cond-expr","locations":[{"start":{"line":153,"column":16},"end":{"line":153,"column":41}},{"start":{"line":154,"column":16},"end":{"line":154,"column":20}}],"line":152},"23":{"loc":{"start":{"line":155,"column":18},"end":{"line":155,"column":71}},"type":"cond-expr","locations":[{"start":{"line":155,"column":48},"end":{"line":155,"column":64}},{"start":{"line":155,"column":67},"end":{"line":155,"column":71}}],"line":155},"24":{"loc":{"start":{"line":156,"column":19},"end":{"line":156,"column":74}},"type":"cond-expr","locations":[{"start":{"line":156,"column":50},"end":{"line":156,"column":67}},{"start":{"line":156,"column":70},"end":{"line":156,"column":74}}],"line":156},"25":{"loc":{"start":{"line":185,"column":6},"end":{"line":190,"column":7}},"type":"if","locations":[{"start":{"line":185,"column":6},"end":{"line":190,"column":7}},{"start":{},"end":{}}],"line":185},"26":{"loc":{"start":{"line":192,"column":6},"end":{"line":197,"column":7}},"type":"if","locations":[{"start":{"line":192,"column":6},"end":{"line":197,"column":7}},{"start":{},"end":{}}],"line":192},"27":{"loc":{"start":{"line":228,"column":6},"end":{"line":232,"column":7}},"type":"if","locations":[{"start":{"line":228,"column":6},"end":{"line":232,"column":7}},{"start":{},"end":{}}],"line":228},"28":{"loc":{"start":{"line":250,"column":96},"end":{"line":250,"column":39976}},"type":"binary-expr","locations":[{"start":{"line":250,"column":96},"end":{"line":250,"column":133}},{"start":{"line":250,"column":137},"end":{"line":250,"column":39976}}],"line":250}},"s":{"0":1,"1":1,"2":1,"3":1,"4":1,"5":1,"6":1,"7":0,"8":0,"9":0,"10":0,"11":0,"12":0,"13":0,"14":0,"15":0,"16":0,"17":0,"18":0,"19":0,"20":0,"21":0,"22":0,"23":0,"24":0,"25":0,"26":0,"27":0,"28":0,"29":0,"30":0,"31":0,"32":0,"33":0,"34":0,"35":0,"36":0,"37":0,"38":0,"39":0,"40":0,"41":0,"42":0,"43":0,"44":0,"45":0,"46":0,"47":0,"48":0,"49":0,"50":0,"51":0,"52":0,"53":0,"54":0,"55":0,"56":0,"57":0,"58":0,"59":0,"60":0,"61":0,"62":0,"63":0,"64":0,"65":0,"66":0,"67":0,"68":0,"69":0,"70":0,"71":0,"72":0,"73":0,"74":0,"75":0,"76":0,"77":0},"f":{"0":0,"1":0,"2":0,"3":0,"4":0,"5":0,"6":0,"7":0,"8":0},"b":{"0":[0],"1":[0],"2":[0,0],"3":[0,0],"4":[0,0],"5":[0,0],"6":[0,0],"7":[0,0],"8":[0,0],"9":[0,0],"10":[0,0],"11":[0,0],"12":[0,0],"13":[0,0],"14":[0,0],"15":[0,0],"16":[0,0],"17":[0,0],"18":[0,0],"19":[0,0],"20":[0,0],"21":[0,0],"22":[0,0],"23":[0,0],"24":[0,0],"25":[0,0],"26":[0,0],"27":[0,0],"28":[0,0]},"_coverageSchema":"1a1c01bbd47fc00a2c39e90264f33305004495a9","hash":"25cdd938e158eb3ff47b447c8e25d4f2342c3582"}
,"C:\\Data Ega\\Bootcamp Hacktiv8\\Phase 2\\Individual Project\\IP-RMT52\\server\\controllers\\GeminiController.js": {"path":"C:\\Data Ega\\Bootcamp Hacktiv8\\Phase 2\\Individual Project\\IP-RMT52\\server\\controllers\\GeminiController.js","statementMap":{"0":{"start":{"line":1,"column":15},"end":{"line":1,"column":43}},"1":{"start":{"line":5,"column":4},"end":{"line":17,"column":5}},"2":{"start":{"line":6,"column":27},"end":{"line":6,"column":35}},"3":{"start":{"line":7,"column":21},"end":{"line":10,"column":7}},"4":{"start":{"line":11,"column":23},"end":{"line":11,"column":43}},"5":{"start":{"line":13,"column":6},"end":{"line":13,"column":41}},"6":{"start":{"line":15,"column":26},"end":{"line":15,"column":133}},"7":{"start":{"line":16,"column":6},"end":{"line":16,"column":16}},"8":{"start":{"line":21,"column":0},"end":{"line":21,"column":34}},"9":{"start":{"line":28,"column":85},"end":{"line":28,"column":39988}},"10":{"start":{"line":28,"column":89},"end":{"line":28,"column":39977}}},"fnMap":{"0":{"name":"(anonymous_0)","decl":{"start":{"line":4,"column":2},"end":{"line":4,"column":3}},"loc":{"start":{"line":4,"column":51},"end":{"line":18,"column":3}},"line":4},"1":{"name":"oo_cm","decl":{"start":{"line":28,"column":77},"end":{"line":28,"column":82}},"loc":{"start":{"line":28,"column":84},"end":{"line":28,"column":39989}},"line":28}},"branchMap":{"0":{"loc":{"start":{"line":28,"column":96},"end":{"line":28,"column":39976}},"type":"binary-expr","locations":[{"start":{"line":28,"column":96},"end":{"line":28,"column":133}},{"start":{"line":28,"column":137},"end":{"line":28,"column":39976}}],"line":28}},"s":{"0":1,"1":0,"2":0,"3":0,"4":0,"5":0,"6":0,"7":0,"8":1,"9":0,"10":0},"f":{"0":0,"1":0},"b":{"0":[0,0]},"_coverageSchema":"1a1c01bbd47fc00a2c39e90264f33305004495a9","hash":"67997065d820b91b30d2fa59d777b55c23eaf0e2"}
,"C:\\Data Ega\\Bootcamp Hacktiv8\\Phase 2\\Individual Project\\IP-RMT52\\server\\controllers\\UserController.js": {"path":"C:\\Data Ega\\Bootcamp Hacktiv8\\Phase 2\\Individual Project\\IP-RMT52\\server\\controllers\\UserController.js","statementMap":{"0":{"start":{"line":1,"column":28},"end":{"line":1,"column":56}},"1":{"start":{"line":2,"column":22},"end":{"line":2,"column":47}},"2":{"start":{"line":3,"column":18},"end":{"line":3,"column":38}},"3":{"start":{"line":4,"column":17},"end":{"line":4,"column":37}},"4":{"start":{"line":5,"column":25},"end":{"line":5,"column":55}},"5":{"start":{"line":6,"column":15},"end":{"line":6,"column":33}},"6":{"start":{"line":8,"column":0},"end":{"line":96,"column":2}},"7":{"start":{"line":10,"column":42},"end":{"line":10,"column":50}},"8":{"start":{"line":11,"column":4},"end":{"line":25,"column":5}},"9":{"start":{"line":12,"column":19},"end":{"line":16,"column":8}},"10":{"start":{"line":17,"column":6},"end":{"line":21,"column":9}},"11":{"start":{"line":23,"column":26},"end":{"line":23,"column":110}},"12":{"start":{"line":24,"column":6},"end":{"line":24,"column":16}},"13":{"start":{"line":29,"column":4},"end":{"line":62,"column":5}},"14":{"start":{"line":30,"column":34},"end":{"line":30,"column":42}},"15":{"start":{"line":31,"column":6},"end":{"line":33,"column":7}},"16":{"start":{"line":32,"column":8},"end":{"line":32,"column":69}},"17":{"start":{"line":34,"column":6},"end":{"line":36,"column":7}},"18":{"start":{"line":35,"column":8},"end":{"line":35,"column":72}},"19":{"start":{"line":38,"column":19},"end":{"line":38,"column":59}},"20":{"start":{"line":39,"column":6},"end":{"line":44,"column":7}},"21":{"start":{"line":40,"column":8},"end":{"line":43,"column":10}},"22":{"start":{"line":46,"column":30},"end":{"line":46,"column":70}},"23":{"start":{"line":47,"column":6},"end":{"line":52,"column":7}},"24":{"start":{"line":48,"column":8},"end":{"line":51,"column":10}},"25":{"start":{"line":54,"column":27},"end":{"line":54,"column":53}},"26":{"start":{"line":55,"column":6},"end":{"line":58,"column":9}},"27":{"start":{"line":60,"column":26},"end":{"line":60,"column":107}},"28":{"start":{"line":61,"column":6},"end":{"line":61,"column":16}},"29":{"start":{"line":66,"column":4},"end":{"line":94,"column":5}},"30":{"start":{"line":67,"column":30},"end":{"line":67,"column":38}},"31":{"start":{"line":68,"column":21},"end":{"line":71,"column":8}},"32":{"start":{"line":72,"column":34},"end":{"line":72,"column":53}},"33":{"start":{"line":74,"column":17},"end":{"line":74,"column":57}},"34":{"start":{"line":75,"column":26},"end":{"line":75,"column":110}},"35":{"start":{"line":76,"column":6},"end":{"line":86,"column":7}},"36":{"start":{"line":78,"column":25},"end":{"line":78,"column":44}},"37":{"start":{"line":80,"column":8},"end":{"line":85,"column":11}},"38":{"start":{"line":88,"column":27},"end":{"line":88,"column":53}},"39":{"start":{"line":89,"column":6},"end":{"line":91,"column":9}},"40":{"start":{"line":93,"column":6},"end":{"line":93,"column":16}},"41":{"start":{"line":103,"column":85},"end":{"line":103,"column":39988}},"42":{"start":{"line":103,"column":89},"end":{"line":103,"column":39977}}},"fnMap":{"0":{"name":"(anonymous_0)","decl":{"start":{"line":9,"column":2},"end":{"line":9,"column":3}},"loc":{"start":{"line":9,"column":40},"end":{"line":26,"column":3}},"line":9},"1":{"name":"(anonymous_1)","decl":{"start":{"line":28,"column":2},"end":{"line":28,"column":3}},"loc":{"start":{"line":28,"column":37},"end":{"line":63,"column":3}},"line":28},"2":{"name":"(anonymous_2)","decl":{"start":{"line":65,"column":2},"end":{"line":65,"column":3}},"loc":{"start":{"line":65,"column":43},"end":{"line":95,"column":3}},"line":65},"3":{"name":"oo_cm","decl":{"start":{"line":103,"column":77},"end":{"line":103,"column":82}},"loc":{"start":{"line":103,"column":84},"end":{"line":103,"column":39989}},"line":103}},"branchMap":{"0":{"loc":{"start":{"line":31,"column":6},"end":{"line":33,"column":7}},"type":"if","locations":[{"start":{"line":31,"column":6},"end":{"line":33,"column":7}},{"start":{},"end":{}}],"line":31},"1":{"loc":{"start":{"line":34,"column":6},"end":{"line":36,"column":7}},"type":"if","locations":[{"start":{"line":34,"column":6},"end":{"line":36,"column":7}},{"start":{},"end":{}}],"line":34},"2":{"loc":{"start":{"line":39,"column":6},"end":{"line":44,"column":7}},"type":"if","locations":[{"start":{"line":39,"column":6},"end":{"line":44,"column":7}},{"start":{},"end":{}}],"line":39},"3":{"loc":{"start":{"line":47,"column":6},"end":{"line":52,"column":7}},"type":"if","locations":[{"start":{"line":47,"column":6},"end":{"line":52,"column":7}},{"start":{},"end":{}}],"line":47},"4":{"loc":{"start":{"line":76,"column":6},"end":{"line":86,"column":7}},"type":"if","locations":[{"start":{"line":76,"column":6},"end":{"line":86,"column":7}},{"start":{},"end":{}}],"line":76},"5":{"loc":{"start":{"line":103,"column":96},"end":{"line":103,"column":39976}},"type":"binary-expr","locations":[{"start":{"line":103,"column":96},"end":{"line":103,"column":133}},{"start":{"line":103,"column":137},"end":{"line":103,"column":39976}}],"line":103}},"s":{"0":1,"1":1,"2":1,"3":1,"4":1,"5":1,"6":1,"7":2,"8":2,"9":2,"10":1,"11":1,"12":1,"13":3,"14":3,"15":3,"16":1,"17":2,"18":0,"19":2,"20":2,"21":0,"22":2,"23":2,"24":1,"25":1,"26":1,"27":2,"28":2,"29":0,"30":0,"31":0,"32":0,"33":0,"34":0,"35":0,"36":0,"37":0,"38":0,"39":0,"40":0,"41":3,"42":3},"f":{"0":2,"1":3,"2":0,"3":3},"b":{"0":[1,2],"1":[0,2],"2":[0,2],"3":[1,1],"4":[0,0],"5":[3,1]},"_coverageSchema":"1a1c01bbd47fc00a2c39e90264f33305004495a9","hash":"b2f17777ddf158739fd8f1d0929ac501fff089b0"}
,"C:\\Data Ega\\Bootcamp Hacktiv8\\Phase 2\\Individual Project\\IP-RMT52\\server\\helpers\\bcrypt.js": {"path":"C:\\Data Ega\\Bootcamp Hacktiv8\\Phase 2\\Individual Project\\IP-RMT52\\server\\helpers\\bcrypt.js","statementMap":{"0":{"start":{"line":1,"column":15},"end":{"line":1,"column":32}},"1":{"start":{"line":2,"column":21},"end":{"line":5,"column":1}},"2":{"start":{"line":3,"column":15},"end":{"line":3,"column":37}},"3":{"start":{"line":4,"column":2},"end":{"line":4,"column":41}},"4":{"start":{"line":7,"column":24},"end":{"line":9,"column":1}},"5":{"start":{"line":8,"column":2},"end":{"line":8,"column":52}},"6":{"start":{"line":11,"column":0},"end":{"line":14,"column":2}}},"fnMap":{"0":{"name":"(anonymous_0)","decl":{"start":{"line":2,"column":21},"end":{"line":2,"column":22}},"loc":{"start":{"line":2,"column":35},"end":{"line":5,"column":1}},"line":2},"1":{"name":"(anonymous_1)","decl":{"start":{"line":7,"column":24},"end":{"line":7,"column":25}},"loc":{"start":{"line":7,"column":52},"end":{"line":9,"column":1}},"line":7}},"branchMap":{},"s":{"0":1,"1":1,"2":0,"3":0,"4":1,"5":2,"6":1},"f":{"0":0,"1":2},"b":{},"_coverageSchema":"1a1c01bbd47fc00a2c39e90264f33305004495a9","hash":"c6937419972c2a93148beab601e8f1454eb60779"}
,"C:\\Data Ega\\Bootcamp Hacktiv8\\Phase 2\\Individual Project\\IP-RMT52\\server\\helpers\\gemini.js": {"path":"C:\\Data Ega\\Bootcamp Hacktiv8\\Phase 2\\Individual Project\\IP-RMT52\\server\\helpers\\gemini.js","statementMap":{"0":{"start":{"line":1,"column":31},"end":{"line":1,"column":63}},"1":{"start":{"line":2,"column":0},"end":{"line":2,"column":27}},"2":{"start":{"line":4,"column":15},"end":{"line":15,"column":1}},"3":{"start":{"line":5,"column":2},"end":{"line":14,"column":3}},"4":{"start":{"line":6,"column":18},"end":{"line":6,"column":71}},"5":{"start":{"line":7,"column":18},"end":{"line":7,"column":73}},"6":{"start":{"line":9,"column":19},"end":{"line":9,"column":54}},"7":{"start":{"line":10,"column":4},"end":{"line":10,"column":34}},"8":{"start":{"line":12,"column":4},"end":{"line":12,"column":52}},"9":{"start":{"line":13,"column":4},"end":{"line":13,"column":14}},"10":{"start":{"line":17,"column":0},"end":{"line":17,"column":24}}},"fnMap":{"0":{"name":"(anonymous_0)","decl":{"start":{"line":4,"column":15},"end":{"line":4,"column":16}},"loc":{"start":{"line":4,"column":33},"end":{"line":15,"column":1}},"line":4}},"branchMap":{},"s":{"0":1,"1":1,"2":1,"3":0,"4":0,"5":0,"6":0,"7":0,"8":0,"9":0,"10":1},"f":{"0":0},"b":{},"_coverageSchema":"1a1c01bbd47fc00a2c39e90264f33305004495a9","hash":"7d8f9e7991407948b7fe3538ad3803172c6e80e5"}
,"C:\\Data Ega\\Bootcamp Hacktiv8\\Phase 2\\Individual Project\\IP-RMT52\\server\\helpers\\jwt.js": {"path":"C:\\Data Ega\\Bootcamp Hacktiv8\\Phase 2\\Individual Project\\IP-RMT52\\server\\helpers\\jwt.js","statementMap":{"0":{"start":{"line":1,"column":12},"end":{"line":1,"column":35}},"1":{"start":{"line":2,"column":19},"end":{"line":2,"column":41}},"2":{"start":{"line":4,"column":18},"end":{"line":6,"column":1}},"3":{"start":{"line":5,"column":2},"end":{"line":5,"column":36}},"4":{"start":{"line":8,"column":20},"end":{"line":10,"column":1}},"5":{"start":{"line":9,"column":2},"end":{"line":9,"column":39}},"6":{"start":{"line":12,"column":0},"end":{"line":15,"column":2}}},"fnMap":{"0":{"name":"(anonymous_0)","decl":{"start":{"line":4,"column":18},"end":{"line":4,"column":19}},"loc":{"start":{"line":4,"column":28},"end":{"line":6,"column":1}},"line":4},"1":{"name":"(anonymous_1)","decl":{"start":{"line":8,"column":20},"end":{"line":8,"column":21}},"loc":{"start":{"line":8,"column":31},"end":{"line":10,"column":1}},"line":8}},"branchMap":{},"s":{"0":1,"1":1,"2":1,"3":1,"4":1,"5":0,"6":1},"f":{"0":1,"1":0},"b":{},"_coverageSchema":"1a1c01bbd47fc00a2c39e90264f33305004495a9","hash":"da7310a97b53877b23f2ed2a4ea1dca86f32541d"}
,"C:\\Data Ega\\Bootcamp Hacktiv8\\Phase 2\\Individual Project\\IP-RMT52\\server\\middlewares\\authentication.js": {"path":"C:\\Data Ega\\Bootcamp Hacktiv8\\Phase 2\\Individual Project\\IP-RMT52\\server\\middlewares\\authentication.js","statementMap":{"0":{"start":{"line":1,"column":24},"end":{"line":1,"column":49}},"1":{"start":{"line":2,"column":17},"end":{"line":2,"column":37}},"2":{"start":{"line":4,"column":0},"end":{"line":29,"column":2}},"3":{"start":{"line":5,"column":22},"end":{"line":5,"column":50}},"4":{"start":{"line":6,"column":2},"end":{"line":9,"column":3}},"5":{"start":{"line":7,"column":4},"end":{"line":7,"column":61}},"6":{"start":{"line":8,"column":4},"end":{"line":8,"column":11}},"7":{"start":{"line":11,"column":20},"end":{"line":11,"column":42}},"8":{"start":{"line":12,"column":2},"end":{"line":15,"column":3}},"9":{"start":{"line":13,"column":4},"end":{"line":13,"column":61}},"10":{"start":{"line":14,"column":4},"end":{"line":14,"column":11}},"11":{"start":{"line":17,"column":2},"end":{"line":28,"column":3}},"12":{"start":{"line":18,"column":17},"end":{"line":18,"column":35}},"13":{"start":{"line":19,"column":17},"end":{"line":19,"column":45}},"14":{"start":{"line":20,"column":4},"end":{"line":23,"column":5}},"15":{"start":{"line":21,"column":6},"end":{"line":21,"column":63}},"16":{"start":{"line":22,"column":6},"end":{"line":22,"column":13}},"17":{"start":{"line":24,"column":4},"end":{"line":24,"column":20}},"18":{"start":{"line":25,"column":4},"end":{"line":25,"column":11}},"19":{"start":{"line":27,"column":4},"end":{"line":27,"column":14}}},"fnMap":{"0":{"name":"authentication","decl":{"start":{"line":4,"column":32},"end":{"line":4,"column":46}},"loc":{"start":{"line":4,"column":63},"end":{"line":29,"column":1}},"line":4}},"branchMap":{"0":{"loc":{"start":{"line":6,"column":2},"end":{"line":9,"column":3}},"type":"if","locations":[{"start":{"line":6,"column":2},"end":{"line":9,"column":3}},{"start":{},"end":{}}],"line":6},"1":{"loc":{"start":{"line":12,"column":2},"end":{"line":15,"column":3}},"type":"if","locations":[{"start":{"line":12,"column":2},"end":{"line":15,"column":3}},{"start":{},"end":{}}],"line":12},"2":{"loc":{"start":{"line":20,"column":4},"end":{"line":23,"column":5}},"type":"if","locations":[{"start":{"line":20,"column":4},"end":{"line":23,"column":5}},{"start":{},"end":{}}],"line":20}},"s":{"0":1,"1":1,"2":1,"3":2,"4":2,"5":2,"6":2,"7":0,"8":0,"9":0,"10":0,"11":0,"12":0,"13":0,"14":0,"15":0,"16":0,"17":0,"18":0,"19":0},"f":{"0":2},"b":{"0":[2,0],"1":[0,0],"2":[0,0]},"_coverageSchema":"1a1c01bbd47fc00a2c39e90264f33305004495a9","hash":"eefce7b908f0533d6c631890e54cbd40d52bfb61"}
,"C:\\Data Ega\\Bootcamp Hacktiv8\\Phase 2\\Individual Project\\IP-RMT52\\server\\middlewares\\errorHandler.js": {"path":"C:\\Data Ega\\Bootcamp Hacktiv8\\Phase 2\\Individual Project\\IP-RMT52\\server\\middlewares\\errorHandler.js","statementMap":{"0":{"start":{"line":2,"column":24},"end":{"line":2,"column":103}},"1":{"start":{"line":4,"column":4},"end":{"line":26,"column":5}},"2":{"start":{"line":7,"column":8},"end":{"line":7,"column":65}},"3":{"start":{"line":8,"column":8},"end":{"line":8,"column":15}},"4":{"start":{"line":10,"column":8},"end":{"line":10,"column":55}},"5":{"start":{"line":11,"column":8},"end":{"line":11,"column":15}},"6":{"start":{"line":13,"column":8},"end":{"line":13,"column":55}},"7":{"start":{"line":14,"column":8},"end":{"line":14,"column":15}},"8":{"start":{"line":16,"column":8},"end":{"line":16,"column":55}},"9":{"start":{"line":17,"column":8},"end":{"line":17,"column":15}},"10":{"start":{"line":19,"column":8},"end":{"line":19,"column":55}},"11":{"start":{"line":20,"column":8},"end":{"line":20,"column":15}},"12":{"start":{"line":22,"column":8},"end":{"line":22,"column":59}},"13":{"start":{"line":23,"column":8},"end":{"line":23,"column":15}},"14":{"start":{"line":25,"column":8},"end":{"line":25,"column":49}},"15":{"start":{"line":29,"column":2},"end":{"line":29,"column":36}},"16":{"start":{"line":37,"column":85},"end":{"line":37,"column":39988}},"17":{"start":{"line":37,"column":89},"end":{"line":37,"column":39977}}},"fnMap":{"0":{"name":"errorHandler","decl":{"start":{"line":1,"column":9},"end":{"line":1,"column":21}},"loc":{"start":{"line":1,"column":43},"end":{"line":27,"column":3}},"line":1},"1":{"name":"oo_cm","decl":{"start":{"line":37,"column":77},"end":{"line":37,"column":82}},"loc":{"start":{"line":37,"column":84},"end":{"line":37,"column":39989}},"line":37}},"branchMap":{"0":{"loc":{"start":{"line":4,"column":4},"end":{"line":26,"column":5}},"type":"switch","locations":[{"start":{"line":5,"column":6},"end":{"line":5,"column":38}},{"start":{"line":6,"column":6},"end":{"line":8,"column":15}},{"start":{"line":9,"column":6},"end":{"line":11,"column":15}},{"start":{"line":12,"column":6},"end":{"line":14,"column":15}},{"start":{"line":15,"column":6},"end":{"line":17,"column":15}},{"start":{"line":18,"column":6},"end":{"line":20,"column":15}},{"start":{"line":21,"column":6},"end":{"line":23,"column":15}},{"start":{"line":24,"column":6},"end":{"line":25,"column":49}}],"line":4},"1":{"loc":{"start":{"line":37,"column":96},"end":{"line":37,"column":39976}},"type":"binary-expr","locations":[{"start":{"line":37,"column":96},"end":{"line":37,"column":133}},{"start":{"line":37,"column":137},"end":{"line":37,"column":39976}}],"line":37}},"s":{"0":5,"1":5,"2":1,"3":1,"4":1,"5":1,"6":3,"7":3,"8":0,"9":0,"10":0,"11":0,"12":0,"13":0,"14":0,"15":1,"16":5,"17":5},"f":{"0":5,"1":5},"b":{"0":[0,1,1,3,0,0,0,0],"1":[5,0]},"_coverageSchema":"1a1c01bbd47fc00a2c39e90264f33305004495a9","hash":"355520dc7c5e2ef3bcc0f9696a4a81a87644b74c"}
,"C:\\Data Ega\\Bootcamp Hacktiv8\\Phase 2\\Individual Project\\IP-RMT52\\server\\models\\index.js": {"path":"C:\\Data Ega\\Bootcamp Hacktiv8\\Phase 2\\Individual Project\\IP-RMT52\\server\\models\\index.js","statementMap":{"0":{"start":{"line":3,"column":11},"end":{"line":3,"column":24}},"1":{"start":{"line":4,"column":13},"end":{"line":4,"column":28}},"2":{"start":{"line":5,"column":18},"end":{"line":5,"column":38}},"3":{"start":{"line":6,"column":16},"end":{"line":6,"column":34}},"4":{"start":{"line":7,"column":17},"end":{"line":7,"column":42}},"5":{"start":{"line":8,"column":12},"end":{"line":8,"column":49}},"6":{"start":{"line":9,"column":15},"end":{"line":9,"column":65}},"7":{"start":{"line":10,"column":11},"end":{"line":10,"column":13}},"8":{"start":{"line":13,"column":0},"end":{"line":17,"column":1}},"9":{"start":{"line":14,"column":2},"end":{"line":14,"column":74}},"10":{"start":{"line":16,"column":2},"end":{"line":16,"column":87}},"11":{"start":{"line":19,"column":0},"end":{"line":32,"column":5}},"12":{"start":{"line":22,"column":4},"end":{"line":27,"column":6}},"13":{"start":{"line":30,"column":18},"end":{"line":30,"column":85}},"14":{"start":{"line":31,"column":4},"end":{"line":31,"column":27}},"15":{"start":{"line":34,"column":0},"end":{"line":38,"column":3}},"16":{"start":{"line":35,"column":2},"end":{"line":37,"column":3}},"17":{"start":{"line":36,"column":4},"end":{"line":36,"column":32}},"18":{"start":{"line":40,"column":0},"end":{"line":40,"column":25}},"19":{"start":{"line":41,"column":0},"end":{"line":41,"column":25}},"20":{"start":{"line":43,"column":0},"end":{"line":43,"column":20}}},"fnMap":{"0":{"name":"(anonymous_0)","decl":{"start":{"line":21,"column":10},"end":{"line":21,"column":11}},"loc":{"start":{"line":21,"column":18},"end":{"line":28,"column":3}},"line":21},"1":{"name":"(anonymous_1)","decl":{"start":{"line":29,"column":11},"end":{"line":29,"column":12}},"loc":{"start":{"line":29,"column":19},"end":{"line":32,"column":3}},"line":29},"2":{"name":"(anonymous_2)","decl":{"start":{"line":34,"column":24},"end":{"line":34,"column":25}},"loc":{"start":{"line":34,"column":37},"end":{"line":38,"column":1}},"line":34}},"branchMap":{"0":{"loc":{"start":{"line":8,"column":12},"end":{"line":8,"column":49}},"type":"binary-expr","locations":[{"start":{"line":8,"column":12},"end":{"line":8,"column":32}},{"start":{"line":8,"column":36},"end":{"line":8,"column":49}}],"line":8},"1":{"loc":{"start":{"line":13,"column":0},"end":{"line":17,"column":1}},"type":"if","locations":[{"start":{"line":13,"column":0},"end":{"line":17,"column":1}},{"start":{"line":15,"column":7},"end":{"line":17,"column":1}}],"line":13},"2":{"loc":{"start":{"line":23,"column":6},"end":{"line":26,"column":37}},"type":"binary-expr","locations":[{"start":{"line":23,"column":6},"end":{"line":23,"column":29}},{"start":{"line":24,"column":6},"end":{"line":24,"column":23}},{"start":{"line":25,"column":6},"end":{"line":25,"column":30}},{"start":{"line":26,"column":6},"end":{"line":26,"column":37}}],"line":23},"3":{"loc":{"start":{"line":35,"column":2},"end":{"line":37,"column":3}},"type":"if","locations":[{"start":{"line":35,"column":2},"end":{"line":37,"column":3}},{"start":{},"end":{}}],"line":35}},"s":{"0":1,"1":1,"2":1,"3":1,"4":1,"5":1,"6":1,"7":1,"8":1,"9":0,"10":1,"11":1,"12":3,"13":2,"14":2,"15":1,"16":2,"17":2,"18":1,"19":1,"20":1},"f":{"0":3,"1":2,"2":2},"b":{"0":[1,0],"1":[0,1],"2":[3,3,2,2],"3":[2,0]},"_coverageSchema":"1a1c01bbd47fc00a2c39e90264f33305004495a9","hash":"e67f6061eea66af232aa693657872bb4c62ac510"}
,"C:\\Data Ega\\Bootcamp Hacktiv8\\Phase 2\\Individual Project\\IP-RMT52\\server\\models\\mycharacter.js": {"path":"C:\\Data Ega\\Bootcamp Hacktiv8\\Phase 2\\Individual Project\\IP-RMT52\\server\\models\\mycharacter.js","statementMap":{"0":{"start":{"line":2,"column":18},"end":{"line":2,"column":38}},"1":{"start":{"line":3,"column":0},"end":{"line":27,"column":2}},"2":{"start":{"line":12,"column":6},"end":{"line":12,"column":41}},"3":{"start":{"line":15,"column":2},"end":{"line":25,"column":4}},"4":{"start":{"line":26,"column":2},"end":{"line":26,"column":21}}},"fnMap":{"0":{"name":"(anonymous_0)","decl":{"start":{"line":3,"column":17},"end":{"line":3,"column":18}},"loc":{"start":{"line":3,"column":43},"end":{"line":27,"column":1}},"line":3},"1":{"name":"(anonymous_1)","decl":{"start":{"line":10,"column":4},"end":{"line":10,"column":5}},"loc":{"start":{"line":10,"column":29},"end":{"line":13,"column":5}},"line":10}},"branchMap":{},"s":{"0":1,"1":1,"2":1,"3":1,"4":1},"f":{"0":1,"1":1},"b":{},"_coverageSchema":"1a1c01bbd47fc00a2c39e90264f33305004495a9","hash":"80182dce06ecd70839290efa12de4b84de03ceb6"}
,"C:\\Data Ega\\Bootcamp Hacktiv8\\Phase 2\\Individual Project\\IP-RMT52\\server\\models\\user.js": {"path":"C:\\Data Ega\\Bootcamp Hacktiv8\\Phase 2\\Individual Project\\IP-RMT52\\server\\models\\user.js","statementMap":{"0":{"start":{"line":2,"column":18},"end":{"line":2,"column":38}},"1":{"start":{"line":3,"column":25},"end":{"line":3,"column":53}},"2":{"start":{"line":5,"column":0},"end":{"line":81,"column":2}},"3":{"start":{"line":14,"column":6},"end":{"line":14,"column":39}},"4":{"start":{"line":17,"column":2},"end":{"line":72,"column":4}},"5":{"start":{"line":74,"column":2},"end":{"line":78,"column":5}},"6":{"start":{"line":75,"column":4},"end":{"line":77,"column":5}},"7":{"start":{"line":76,"column":6},"end":{"line":76,"column":50}},"8":{"start":{"line":80,"column":2},"end":{"line":80,"column":14}}},"fnMap":{"0":{"name":"(anonymous_0)","decl":{"start":{"line":5,"column":17},"end":{"line":5,"column":18}},"loc":{"start":{"line":5,"column":43},"end":{"line":81,"column":1}},"line":5},"1":{"name":"(anonymous_1)","decl":{"start":{"line":12,"column":4},"end":{"line":12,"column":5}},"loc":{"start":{"line":12,"column":29},"end":{"line":15,"column":5}},"line":12},"2":{"name":"(anonymous_2)","decl":{"start":{"line":74,"column":20},"end":{"line":74,"column":21}},"loc":{"start":{"line":74,"column":30},"end":{"line":78,"column":3}},"line":74}},"branchMap":{"0":{"loc":{"start":{"line":75,"column":4},"end":{"line":77,"column":5}},"type":"if","locations":[{"start":{"line":75,"column":4},"end":{"line":77,"column":5}},{"start":{},"end":{}}],"line":75}},"s":{"0":1,"1":1,"2":1,"3":1,"4":1,"5":1,"6":6,"7":0,"8":1},"f":{"0":1,"1":1,"2":6},"b":{"0":[0,6]},"_coverageSchema":"1a1c01bbd47fc00a2c39e90264f33305004495a9","hash":"999ea4e622f3d0060f67a1acbc5c2b6020b9ebc7"}
,"C:\\Data Ega\\Bootcamp Hacktiv8\\Phase 2\\Individual Project\\IP-RMT52\\server\\routes\\index.js": {"path":"C:\\Data Ega\\Bootcamp Hacktiv8\\Phase 2\\Individual Project\\IP-RMT52\\server\\routes\\index.js","statementMap":{"0":{"start":{"line":1,"column":15},"end":{"line":1,"column":42}},"1":{"start":{"line":2,"column":23},"end":{"line":2,"column":63}},"2":{"start":{"line":3,"column":23},"end":{"line":3,"column":63}},"3":{"start":{"line":4,"column":28},"end":{"line":4,"column":73}},"4":{"start":{"line":5,"column":15},"end":{"line":5,"column":32}},"5":{"start":{"line":6,"column":25},"end":{"line":6,"column":67}},"6":{"start":{"line":7,"column":15},"end":{"line":7,"column":58}},"7":{"start":{"line":9,"column":0},"end":{"line":13,"column":3}},"8":{"start":{"line":10,"column":2},"end":{"line":12,"column":13}},"9":{"start":{"line":15,"column":0},"end":{"line":15,"column":44}},"10":{"start":{"line":16,"column":0},"end":{"line":16,"column":50}},"11":{"start":{"line":17,"column":0},"end":{"line":17,"column":57}},"12":{"start":{"line":20,"column":0},"end":{"line":20,"column":27}},"13":{"start":{"line":21,"column":0},"end":{"line":21,"column":61}},"14":{"start":{"line":22,"column":0},"end":{"line":22,"column":71}},"15":{"start":{"line":23,"column":0},"end":{"line":23,"column":76}},"16":{"start":{"line":24,"column":0},"end":{"line":24,"column":79}},"17":{"start":{"line":25,"column":0},"end":{"line":29,"column":2}},"18":{"start":{"line":30,"column":0},"end":{"line":30,"column":72}},"19":{"start":{"line":32,"column":0},"end":{"line":32,"column":72}},"20":{"start":{"line":34,"column":0},"end":{"line":34,"column":24}}},"fnMap":{"0":{"name":"(anonymous_0)","decl":{"start":{"line":9,"column":16},"end":{"line":9,"column":17}},"loc":{"start":{"line":9,"column":36},"end":{"line":13,"column":1}},"line":9}},"branchMap":{},"s":{"0":1,"1":1,"2":1,"3":1,"4":1,"5":1,"6":1,"7":1,"8":0,"9":1,"10":1,"11":1,"12":1,"13":1,"14":1,"15":1,"16":1,"17":1,"18":1,"19":1,"20":1},"f":{"0":0},"b":{},"_coverageSchema":"1a1c01bbd47fc00a2c39e90264f33305004495a9","hash":"19382ad69b79ee36d0e2a0ba54b6cbee9528f1e1"}
}
