TN:
SF:app.js
FNF:0
FNH:0
DA:1,2
DA:2,2
DA:3,2
DA:4,2
DA:5,2
DA:7,2
DA:8,2
DA:9,2
DA:10,2
DA:11,2
DA:13,2
LF:11
LH:11
BRF:0
BRH:0
end_of_record
TN:
SF:controllers\CharacterController.js
FN:13,(anonymous_0)
FN:22,(anonymous_1)
FN:35,(anonymous_2)
FN:73,(anonymous_3)
FN:110,(anonymous_4)
FN:128,(anonymous_5)
FN:176,(anonymous_6)
FN:219,(anonymous_7)
FN:250,oo_cm
FNF:9
FNH:6
FNDA:1,(anonymous_0)
FNDA:0,(anonymous_1)
FNDA:50,(anonymous_2)
FNDA:1,(anonymous_3)
FNDA:1,(anonymous_4)
FNDA:0,(anonymous_5)
FNDA:0,(anonymous_6)
FNDA:1,(anonymous_7)
FNDA:1,oo_cm
DA:1,2
DA:2,2
DA:3,2
DA:4,2
DA:5,2
DA:7,2
DA:12,2
DA:14,1
DA:15,1
DA:16,1
DA:17,1
DA:18,1
DA:21,1
DA:22,0
DA:23,0
DA:27,1
DA:28,1
DA:30,1
DA:35,1
DA:36,50
DA:60,1
DA:68,0
DA:69,0
DA:74,1
DA:75,1
DA:76,1
DA:77,1
DA:78,1
DA:80,1
DA:103,0
DA:105,1
DA:106,1
DA:111,1
DA:112,1
DA:115,1
DA:116,1
DA:121,1
DA:123,0
DA:124,0
DA:129,0
DA:130,0
DA:136,0
DA:138,0
DA:139,0
DA:140,0
DA:141,0
DA:143,0
DA:166,0
DA:169,0
DA:171,0
DA:172,0
DA:177,0
DA:178,0
DA:179,0
DA:181,0
DA:185,0
DA:186,0
DA:192,0
DA:193,0
DA:199,0
DA:200,0
DA:202,0
DA:210,0
DA:212,0
DA:214,0
DA:215,0
DA:220,1
DA:221,1
DA:222,1
DA:224,1
DA:228,1
DA:229,0
DA:234,1
DA:235,1
DA:239,0
DA:240,0
DA:250,1
LF:77
LH:40
BRDA:15,0,0,1
BRDA:15,1,0,1
BRDA:21,2,0,0
BRDA:21,2,1,1
BRDA:38,3,0,22
BRDA:38,3,1,28
BRDA:40,4,0,0
BRDA:40,4,1,50
BRDA:41,5,0,24
BRDA:41,5,1,26
BRDA:43,6,0,5
BRDA:43,6,1,45
BRDA:45,7,0,4
BRDA:45,7,1,46
BRDA:48,8,0,0
BRDA:48,8,1,50
BRDA:49,9,0,0
BRDA:49,9,1,50
BRDA:82,10,0,0
BRDA:82,10,1,0
BRDA:84,11,0,0
BRDA:84,11,1,0
BRDA:85,12,0,0
BRDA:85,12,1,0
BRDA:87,13,0,0
BRDA:87,13,1,0
BRDA:89,14,0,0
BRDA:89,14,1,0
BRDA:92,15,0,0
BRDA:92,15,1,0
BRDA:93,16,0,0
BRDA:93,16,1,0
BRDA:119,17,0,1
BRDA:119,17,1,1
BRDA:145,18,0,0
BRDA:145,18,1,0
BRDA:147,19,0,0
BRDA:147,19,1,0
BRDA:148,20,0,0
BRDA:148,20,1,0
BRDA:150,21,0,0
BRDA:150,21,1,0
BRDA:152,22,0,0
BRDA:152,22,1,0
BRDA:155,23,0,0
BRDA:155,23,1,0
BRDA:156,24,0,0
BRDA:156,24,1,0
BRDA:185,25,0,0
BRDA:185,25,1,0
BRDA:192,26,0,0
BRDA:192,26,1,0
BRDA:228,27,0,0
BRDA:228,27,1,1
BRDA:250,28,0,1
BRDA:250,28,1,1
BRF:56
BRH:19
end_of_record
TN:
SF:controllers\GeminiController.js
FN:4,(anonymous_0)
FN:28,oo_cm
FNF:2
FNH:0
FNDA:0,(anonymous_0)
FNDA:0,oo_cm
DA:1,2
DA:5,0
DA:6,0
DA:7,0
DA:11,0
DA:13,0
DA:15,0
DA:16,0
DA:21,2
DA:28,0
LF:10
LH:2
BRDA:28,0,0,0
BRDA:28,0,1,0
BRF:2
BRH:0
end_of_record
TN:
SF:controllers\UserController.js
FN:9,(anonymous_0)
FN:28,(anonymous_1)
FN:65,(anonymous_2)
FN:103,oo_cm
FNF:4
FNH:1
FNDA:1,(anonymous_0)
FNDA:0,(anonymous_1)
FNDA:0,(anonymous_2)
FNDA:0,oo_cm
DA:1,2
DA:2,2
DA:3,2
DA:4,2
DA:5,2
DA:6,2
DA:8,2
DA:10,1
DA:11,1
DA:12,1
DA:17,1
DA:23,0
DA:24,0
DA:29,0
DA:30,0
DA:31,0
DA:32,0
DA:34,0
DA:35,0
DA:38,0
DA:39,0
DA:40,0
DA:46,0
DA:47,0
DA:48,0
DA:54,0
DA:55,0
DA:60,0
DA:61,0
DA:66,0
DA:67,0
DA:68,0
DA:72,0
DA:74,0
DA:75,0
DA:76,0
DA:78,0
DA:80,0
DA:88,0
DA:89,0
DA:93,0
DA:103,0
LF:42
LH:11
BRDA:31,0,0,0
BRDA:31,0,1,0
BRDA:34,1,0,0
BRDA:34,1,1,0
BRDA:39,2,0,0
BRDA:39,2,1,0
BRDA:47,3,0,0
BRDA:47,3,1,0
BRDA:76,4,0,0
BRDA:76,4,1,0
BRDA:103,5,0,0
BRDA:103,5,1,0
BRF:12
BRH:0
end_of_record
TN:
SF:helpers\bcrypt.js
FN:2,(anonymous_0)
FN:7,(anonymous_1)
FNF:2
FNH:0
FNDA:0,(anonymous_0)
FNDA:0,(anonymous_1)
DA:1,2
DA:2,2
DA:3,0
DA:4,0
DA:7,2
DA:8,0
DA:11,2
LF:7
LH:4
BRF:0
BRH:0
end_of_record
TN:
SF:helpers\gemini.js
FN:4,(anonymous_0)
FNF:1
FNH:0
FNDA:0,(anonymous_0)
DA:1,2
DA:2,2
DA:4,2
DA:5,0
DA:6,0
DA:7,0
DA:9,0
DA:10,0
DA:12,0
DA:13,0
DA:17,2
LF:11
LH:4
BRF:0
BRH:0
end_of_record
TN:
SF:helpers\jwt.js
FN:4,(anonymous_0)
FN:8,(anonymous_1)
FNF:2
FNH:1
FNDA:0,(anonymous_0)
FNDA:5,(anonymous_1)
DA:1,2
DA:2,2
DA:4,2
DA:5,0
DA:8,2
DA:9,5
DA:12,2
LF:7
LH:6
BRF:0
BRH:0
end_of_record
TN:
SF:middlewares\authentication.js
FN:4,authentication
FNF:1
FNH:1
FNDA:5,authentication
DA:1,2
DA:2,2
DA:4,2
DA:5,5
DA:6,5
DA:7,0
DA:8,0
DA:11,5
DA:12,5
DA:13,0
DA:14,0
DA:17,5
DA:18,5
DA:19,5
DA:20,5
DA:21,0
DA:22,0
DA:24,5
DA:25,5
DA:27,0
LF:20
LH:13
BRDA:6,0,0,0
BRDA:6,0,1,5
BRDA:12,1,0,0
BRDA:12,1,1,5
BRDA:20,2,0,0
BRDA:20,2,1,5
BRF:6
BRH:3
end_of_record
TN:
SF:middlewares\errorHandler.js
FN:1,errorHandler
FN:37,oo_cm
FNF:2
FNH:2
FNDA:1,errorHandler
FNDA:1,oo_cm
DA:2,1
DA:4,1
DA:7,0
DA:8,0
DA:10,0
DA:11,0
DA:13,0
DA:14,0
DA:16,0
DA:17,0
DA:19,0
DA:20,0
DA:22,0
DA:23,0
DA:25,1
DA:29,2
DA:37,1
LF:17
LH:5
BRDA:4,0,0,0
BRDA:4,0,1,0
BRDA:4,0,2,0
BRDA:4,0,3,0
BRDA:4,0,4,0
BRDA:4,0,5,0
BRDA:4,0,6,0
BRDA:4,0,7,1
BRDA:37,1,0,1
BRDA:37,1,1,0
BRF:10
BRH:2
end_of_record
TN:
SF:models\index.js
FN:21,(anonymous_0)
FN:29,(anonymous_1)
FN:34,(anonymous_2)
FNF:3
FNH:3
FNDA:6,(anonymous_0)
FNDA:4,(anonymous_1)
FNDA:4,(anonymous_2)
DA:3,2
DA:4,2
DA:5,2
DA:6,2
DA:7,2
DA:8,2
DA:9,2
DA:10,2
DA:13,2
DA:14,0
DA:16,2
DA:19,2
DA:22,6
DA:30,4
DA:31,4
DA:34,2
DA:35,4
DA:36,4
DA:40,2
DA:41,2
DA:43,2
LF:21
LH:20
BRDA:8,0,0,2
BRDA:8,0,1,0
BRDA:13,1,0,0
BRDA:13,1,1,2
BRDA:23,2,0,6
BRDA:23,2,1,6
BRDA:23,2,2,4
BRDA:23,2,3,4
BRDA:35,3,0,4
BRDA:35,3,1,0
BRF:10
BRH:7
end_of_record
TN:
SF:models\mycharacter.js
FN:3,(anonymous_0)
FN:10,(anonymous_1)
FNF:2
FNH:2
FNDA:2,(anonymous_0)
FNDA:2,(anonymous_1)
DA:2,2
DA:3,2
DA:12,2
DA:15,2
DA:26,2
LF:5
LH:5
BRF:0
BRH:0
end_of_record
TN:
SF:models\user.js
FN:5,(anonymous_0)
FN:12,(anonymous_1)
FN:74,(anonymous_2)
FNF:3
FNH:3
FNDA:2,(anonymous_0)
FNDA:2,(anonymous_1)
FNDA:3,(anonymous_2)
DA:2,2
DA:3,2
DA:5,2
DA:14,2
DA:17,2
DA:74,2
DA:75,3
DA:76,0
DA:80,2
LF:9
LH:8
BRDA:75,0,0,0
BRDA:75,0,1,3
BRF:2
BRH:1
end_of_record
TN:
SF:routes\index.js
FN:9,(anonymous_0)
FNF:1
FNH:0
FNDA:0,(anonymous_0)
DA:1,2
DA:2,2
DA:3,2
DA:4,2
DA:5,2
DA:6,2
DA:7,2
DA:9,2
DA:10,0
DA:15,2
DA:16,2
DA:17,2
DA:20,2
DA:21,2
DA:22,2
DA:23,2
DA:24,2
DA:25,2
DA:30,2
DA:32,2
DA:34,2
LF:21
LH:20
BRF:0
BRH:0
end_of_record
